0 info it worked if it ends with ok
1 verbose cli [ 'C:\\nodejs\\\\node.exe',
1 verbose cli   'C:\\nodejs\\node_modules\\npm\\bin\\npm-cli.js',
1 verbose cli   'install',
1 verbose cli   'express_post.js' ]
2 info using npm@1.3.14
3 info using node@v0.10.22
4 verbose node symlink C:\nodejs\\node.exe
5 verbose cache add [ 'express_post.js', null ]
6 verbose cache add name=undefined spec="express_post.js" args=["express_post.js",null]
7 verbose parsed url { protocol: null,
7 verbose parsed url   slashes: null,
7 verbose parsed url   auth: null,
7 verbose parsed url   host: null,
7 verbose parsed url   port: null,
7 verbose parsed url   hostname: null,
7 verbose parsed url   hash: null,
7 verbose parsed url   search: null,
7 verbose parsed url   query: null,
7 verbose parsed url   pathname: 'express_post.js',
7 verbose parsed url   path: 'express_post.js',
7 verbose parsed url   href: 'express_post.js' }
8 silly lockFile 1dae60b5-express-post-js express_post.js
9 verbose lock express_post.js C:\Users\Brad\AppData\Roaming\npm-cache\1dae60b5-express-post-js.lock
10 verbose chmod C:\Users\Brad\AppData\Local\Temp\npm-11912-PkxFhUVH\1398370092552-0.5242918967269361\tmp.tgz 644
11 verbose tar unpack C:\Users\Brad\AppData\Local\Temp\npm-11912-PkxFhUVH\1398370092552-0.5242918967269361\tmp.tgz
12 silly lockFile beeb6c91-92552-0-5242918967269361-package tar://C:\Users\Brad\AppData\Local\Temp\npm-11912-PkxFhUVH\1398370092552-0.5242918967269361\package
13 verbose lock tar://C:\Users\Brad\AppData\Local\Temp\npm-11912-PkxFhUVH\1398370092552-0.5242918967269361\package C:\Users\Brad\AppData\Roaming\npm-cache\beeb6c91-92552-0-5242918967269361-package.lock
14 silly lockFile 9c0415db-92552-0-5242918967269361-tmp-tgz tar://C:\Users\Brad\AppData\Local\Temp\npm-11912-PkxFhUVH\1398370092552-0.5242918967269361\tmp.tgz
15 verbose lock tar://C:\Users\Brad\AppData\Local\Temp\npm-11912-PkxFhUVH\1398370092552-0.5242918967269361\tmp.tgz C:\Users\Brad\AppData\Roaming\npm-cache\9c0415db-92552-0-5242918967269361-tmp-tgz.lock
16 silly gunzTarPerm modes [ '755', '644' ]
17 error not a package C:\Users\Brad\AppData\Local\Temp\npm-11912-PkxFhUVH\1398370092552-0.5242918967269361\tmp.tgz
18 silly lockFile beeb6c91-92552-0-5242918967269361-package tar://C:\Users\Brad\AppData\Local\Temp\npm-11912-PkxFhUVH\1398370092552-0.5242918967269361\package
19 silly lockFile beeb6c91-92552-0-5242918967269361-package tar://C:\Users\Brad\AppData\Local\Temp\npm-11912-PkxFhUVH\1398370092552-0.5242918967269361\package
20 silly lockFile 9c0415db-92552-0-5242918967269361-tmp-tgz tar://C:\Users\Brad\AppData\Local\Temp\npm-11912-PkxFhUVH\1398370092552-0.5242918967269361\tmp.tgz
21 silly lockFile 9c0415db-92552-0-5242918967269361-tmp-tgz tar://C:\Users\Brad\AppData\Local\Temp\npm-11912-PkxFhUVH\1398370092552-0.5242918967269361\tmp.tgz
22 silly lockFile 1dae60b5-express-post-js express_post.js
23 silly lockFile 1dae60b5-express-post-js express_post.js
24 verbose addNamed [ 'express_post.js', '' ]
25 verbose addNamed [ null, '*' ]
26 silly lockFile 03a8d1c8-express-post-js express_post.js@
27 verbose lock express_post.js@ C:\Users\Brad\AppData\Roaming\npm-cache\03a8d1c8-express-post-js.lock
28 silly addNameRange { name: 'express_post.js', range: '*', hasData: false }
29 verbose url raw express_post.js
30 verbose url resolving [ 'https://registry.npmjs.org/', './express_post.js' ]
31 verbose url resolved https://registry.npmjs.org/express_post.js
32 info trying registry request attempt 1 at 14:08:12
33 http GET https://registry.npmjs.org/express_post.js
34 http 404 https://registry.npmjs.org/express_post.js
35 silly registry.get cb [ 404,
35 silly registry.get   { date: 'Thu, 24 Apr 2014 20:08:13 GMT',
35 silly registry.get     server: 'CouchDB/1.5.0 (Erlang OTP/R14B04)',
35 silly registry.get     'content-type': 'application/json',
35 silly registry.get     'cache-control': 'max-age=0',
35 silly registry.get     'content-length': '52',
35 silly registry.get     'accept-ranges': 'bytes',
35 silly registry.get     via: '1.1 varnish',
35 silly registry.get     age: '0',
35 silly registry.get     'x-served-by': 'cache-v41-ASH',
35 silly registry.get     'x-cache': 'MISS',
35 silly registry.get     'x-cache-hits': '0',
35 silly registry.get     'x-timer': 'S1398370093.619780302,VS0,VE95',
35 silly registry.get     'keep-alive': 'timeout=10, max=50',
35 silly registry.get     connection: 'Keep-Alive' } ]
36 silly lockFile 03a8d1c8-express-post-js express_post.js@
37 silly lockFile 03a8d1c8-express-post-js express_post.js@
38 error 404 'express_post.js' is not in the npm registry.
38 error 404 You should bug the author to publish it
38 error 404
38 error 404 Maybe try 'npm search express post'
38 error 404
38 error 404 Note that you can also install from a
38 error 404 tarball, folder, or http url, or git url.
39 error System Windows_NT 6.1.7601
40 error command "C:\\nodejs\\\\node.exe" "C:\\nodejs\\node_modules\\npm\\bin\\npm-cli.js" "install" "express_post.js"
41 error cwd c:\code\NodeMongoAngular\Lesson4
42 error node -v v0.10.22
43 error npm -v 1.3.14
44 error code E404
45 verbose exit [ 1, true ]
